<?xml version="1.0" encoding="UTF-8"?>
<!-- Generated by org.testng.reporters.JUnitReportReporter -->
<testsuite hostname="Vigneshs-MacBook-Air-3.local" failures="0" tests="6" name="api.test.UserDDT" time="11.015" errors="0" timestamp="2024-09-22T17:23:24 IST" skipped="0">
  <testcase classname="api.test.UserDDT" name="createUserTest" time="1.237"/>
  <system-out/>
  <testcase classname="api.test.UserDDT" name="createUserTest" time="1.235"/>
  <system-out/>
  <testcase classname="api.test.UserDDT" name="createUserTest" time="4.852"/>
  <system-out/>
  <testcase classname="api.test.UserDDT" name="deleteUserTest" time="1.284"/>
  <system-out/>
  <testcase classname="api.test.UserDDT" name="deleteUserTest" time="1.210"/>
  <system-out/>
  <testcase classname="api.test.UserDDT" name="deleteUserTest" time="1.197"/>
  <system-out/>
</testsuite> <!-- api.test.UserDDT -->
