<?xml version="1.0" encoding="UTF-8"?>
<!-- Generated by org.testng.reporters.JUnitReportReporter -->
<testsuite hostname="Vigneshs-MacBook-Air-3.local" failures="0" tests="4" name="api.test.CreateUserTest" time="12.476" errors="0" timestamp="2024-09-20T23:25:33 IST" skipped="0">
  <testcase classname="api.test.CreateUserTest" name="testPostUser" time="5.490"/>
  <system-out/>
  <testcase classname="api.test.CreateUserTest" name="testGetUserByName" time="1.295"/>
  <system-out/>
  <testcase classname="api.test.CreateUserTest" name="testUpdateUser" time="3.266"/>
  <system-out/>
  <testcase classname="api.test.CreateUserTest" name="deleteUserbyName" time="2.425"/>
  <system-out/>
</testsuite> <!-- api.test.CreateUserTest -->
