<?xml version="1.0" encoding="UTF-8"?>
<!-- Generated by org.testng.reporters.JUnitReportReporter -->
<testsuite hostname="Vigneshs-MacBook-Air-3.local" failures="0" tests="4" name="api.test.UserTest" time="14.190" errors="0" timestamp="2024-09-22T17:40:52 IST" skipped="0">
  <testcase classname="api.test.UserTest" name="testPostUser" time="5.242"/>
  <system-out/>
  <testcase classname="api.test.UserTest" name="testGetUserByName" time="1.273"/>
  <system-out/>
  <testcase classname="api.test.UserTest" name="testUpdateUser" time="5.633"/>
  <system-out/>
  <testcase classname="api.test.UserTest" name="deleteUserbyName" time="2.042"/>
  <system-out/>
</testsuite> <!-- api.test.UserTest -->
