<?xml version="1.0" encoding="UTF-8"?>
<!-- Generated by org.testng.reporters.JUnitReportReporter -->
<testsuite hostname="Vigneshs-MacBook-Air-3.local" failures="0" tests="4" name="api.test.UserTestPropFile" time="10.966" errors="0" timestamp="2024-09-23T00:20:24 IST" skipped="0">
  <testcase classname="api.test.UserTestPropFile" name="testPostUser" time="4.315"/>
  <system-out/>
  <testcase classname="api.test.UserTestPropFile" name="testGetUserByName" time="1.750"/>
  <system-out/>
  <testcase classname="api.test.UserTestPropFile" name="testUpdateUser" time="3.611"/>
  <system-out/>
  <testcase classname="api.test.UserTestPropFile" name="deleteUserbyName" time="1.290"/>
  <system-out/>
</testsuite> <!-- api.test.UserTestPropFile -->
