<?xml version="1.0" encoding="UTF-8"?>
<!-- Generated by org.testng.reporters.JUnitReportReporter -->
<testsuite hostname="Vigneshs-MacBook-Air-3.local" failures="0" tests="4" name="api.test.UserTestPropFile" time="11.614" errors="0" timestamp="2024-09-23T00:49:00 IST" skipped="0">
  <testcase classname="api.test.UserTestPropFile" name="testPostUser" time="4.877"/>
  <system-out/>
  <testcase classname="api.test.UserTestPropFile" name="testGetUserByName" time="1.345"/>
  <system-out/>
  <testcase classname="api.test.UserTestPropFile" name="testUpdateUser" time="3.344"/>
  <system-out/>
  <testcase classname="api.test.UserTestPropFile" name="deleteUserbyName" time="2.048"/>
  <system-out/>
</testsuite> <!-- api.test.UserTestPropFile -->
